# JRE version: OpenJDK Runtime Environment Temurin-17.0.4.1+1 (17.0.4.1+1) (build 17.0.4.1+1)
# Java VM: OpenJDK 64-Bit Server VM Temurin-17.0.4.1+1 (17.0.4.1+1, mixed mode, tiered, compressed oops, compressed class ptrs, g1 gc, linux-amd64)
GC Precious Log:
 CPUs: 8 total, 8 available
 Memory: 15778M
 Large Page Support: Disabled
 NUMA Support: Disabled
 Compressed Oops: Enabled (32-bit)
 Heap Region Size: 1M
 Heap Min Capacity: 256M
 Heap Initial Capacity: 256M
 Heap Max Capacity: 2G
 Pre-touch: Disabled
 Parallel Workers: 8
 Concurrent Workers: 2
 Concurrent Refinement Workers: 8
 Periodic GC: Disabled
 String Deduplication is enabled
Heap:
 garbage-first heap   total 536576K, used 231738K [0x0000000080000000, 0x0000000100000000)
  region size 1024K, 57 young (58368K), 25 survivors (25600K)
 Metaspace       used 143862K, committed 146432K, reserved 1179648K
  class space    used 15797K, committed 16832K, reserved 1048576K
GC Heap History (20 events):
Event: 6603,649 GC heap before
{Heap before GC invocations=171 (full 0):
 garbage-first heap   total 536576K, used 362438K [0x0000000080000000, 0x0000000100000000)
  region size 1024K, 183 young (187392K), 3 survivors (3072K)
 Metaspace       used 143495K, committed 146048K, reserved 1179648K
  class space    used 15783K, committed 16832K, reserved 1048576K
}
Event: 6603,666 GC heap after
{Heap after GC invocations=172 (full 0):
 garbage-first heap   total 536576K, used 208896K [0x0000000080000000, 0x0000000100000000)
  region size 1024K, 23 young (23552K), 23 survivors (23552K)
 Metaspace       used 143495K, committed 146048K, reserved 1179648K
  class space    used 15783K, committed 16832K, reserved 1048576K
}
Event: 6648,127 GC heap before
{Heap before GC invocations=172 (full 0):
 garbage-first heap   total 536576K, used 373760K [0x0000000080000000, 0x0000000100000000)
  region size 1024K, 185 young (189440K), 23 survivors (23552K)
 Metaspace       used 143525K, committed 146112K, reserved 1179648K
  class space    used 15783K, committed 16832K, reserved 1048576K
}
Event: 6648,142 GC heap after
{Heap after GC invocations=173 (full 0):
 garbage-first heap   total 536576K, used 217081K [0x0000000080000000, 0x0000000100000000)
  region size 1024K, 24 young (24576K), 24 survivors (24576K)
 Metaspace       used 143525K, committed 146112K, reserved 1179648K
  class space    used 15783K, committed 16832K, reserved 1048576K
}
Event: 6673,190 GC heap before
{Heap before GC invocations=173 (full 0):
 garbage-first heap   total 536576K, used 291833K [0x0000000080000000, 0x0000000100000000)
  region size 1024K, 99 young (101376K), 24 survivors (24576K)
 Metaspace       used 143592K, committed 146176K, reserved 1179648K
  class space    used 15783K, committed 16832K, reserved 1048576K
}
Event: 6673,194 GC heap after
{Heap after GC invocations=174 (full 0):
 garbage-first heap   total 536576K, used 203143K [0x0000000080000000, 0x0000000100000000)
  region size 1024K, 8 young (8192K), 8 survivors (8192K)
 Metaspace       used 143592K, committed 146176K, reserved 1179648K
  class space    used 15783K, committed 16832K, reserved 1048576K
}
Event: 6703,935 GC heap before
{Heap before GC invocations=175 (full 0):
 garbage-first heap   total 536576K, used 347527K [0x0000000080000000, 0x0000000100000000)
  region size 1024K, 186 young (190464K), 8 survivors (8192K)
 Metaspace       used 143761K, committed 146304K, reserved 1179648K
  class space    used 15797K, committed 16832K, reserved 1048576K
}
Event: 6703,946 GC heap after
{Heap after GC invocations=176 (full 0):
 garbage-first heap   total 536576K, used 181328K [0x0000000080000000, 0x0000000100000000)
  region size 1024K, 24 young (24576K), 24 survivors (24576K)
 Metaspace       used 143761K, committed 146304K, reserved 1179648K
  class space    used 15797K, committed 16832K, reserved 1048576K
}
Event: 6703,950 GC heap before
{Heap before GC invocations=176 (full 0):
 garbage-first heap   total 536576K, used 183376K [0x0000000080000000, 0x0000000100000000)
  region size 1024K, 26 young (26624K), 24 survivors (24576K)
 Metaspace       used 143761K, committed 146304K, reserved 1179648K
  class space    used 15797K, committed 16832K, reserved 1048576K
}
Event: 6703,955 GC heap after
{Heap after GC invocations=177 (full 0):
 garbage-first heap   total 536576K, used 144384K [0x0000000080000000, 0x0000000100000000)
  region size 1024K, 1 young (1024K), 1 survivors (1024K)
 Metaspace       used 143761K, committed 146304K, reserved 1179648K
  class space    used 15797K, committed 16832K, reserved 1048576K
}
Event: 6734,037 GC heap before
{Heap before GC invocations=177 (full 0):
 garbage-first heap   total 536576K, used 371712K [0x0000000080000000, 0x0000000100000000)
  region size 1024K, 222 young (227328K), 1 survivors (1024K)
 Metaspace       used 143802K, committed 146304K, reserved 1179648K
  class space    used 15797K, committed 16832K, reserved 1048576K
}
Event: 6734,054 GC heap after
{Heap after GC invocations=178 (full 0):
 garbage-first heap   total 536576K, used 182578K [0x0000000080000000, 0x0000000100000000)
  region size 1024K, 28 young (28672K), 28 survivors (28672K)
 Metaspace       used 143802K, committed 146304K, reserved 1179648K
  class space    used 15797K, committed 16832K, reserved 1048576K
}
Event: 6734,094 GC heap before
{Heap before GC invocations=178 (full 0):
 garbage-first heap   total 536576K, used 193842K [0x0000000080000000, 0x0000000100000000)
  region size 1024K, 41 young (41984K), 28 survivors (28672K)
 Metaspace       used 143803K, committed 146304K, reserved 1179648K
  class space    used 15797K, committed 16832K, reserved 1048576K
}
Event: 6734,102 GC heap after
{Heap after GC invocations=179 (full 0):
 garbage-first heap   total 536576K, used 174964K [0x0000000080000000, 0x0000000100000000)
  region size 1024K, 12 young (12288K), 12 survivors (12288K)
 Metaspace       used 143803K, committed 146304K, reserved 1179648K
  class space    used 15797K, committed 16832K, reserved 1048576K
}
Event: 6855,690 GC heap before
{Heap before GC invocations=180 (full 0):
 garbage-first heap   total 536576K, used 374644K [0x0000000080000000, 0x0000000100000000)
  region size 1024K, 217 young (222208K), 12 survivors (12288K)
 Metaspace       used 143849K, committed 146432K, reserved 1179648K
  class space    used 15797K, committed 16832K, reserved 1048576K
}
Event: 6855,713 GC heap after
{Heap after GC invocations=181 (full 0):
 garbage-first heap   total 536576K, used 202132K [0x0000000080000000, 0x0000000100000000)
  region size 1024K, 28 young (28672K), 28 survivors (28672K)
 Metaspace       used 143849K, committed 146432K, reserved 1179648K
  class space    used 15797K, committed 16832K, reserved 1048576K
}
Event: 6855,756 GC heap before
{Heap before GC invocations=181 (full 0):
 garbage-first heap   total 536576K, used 203156K [0x0000000080000000, 0x0000000100000000)
  region size 1024K, 29 young (29696K), 28 survivors (28672K)
 Metaspace       used 143849K, committed 146432K, reserved 1179648K
  class space    used 15797K, committed 16832K, reserved 1048576K
}
Event: 6855,763 GC heap after
{Heap after GC invocations=182 (full 0):
 garbage-first heap   total 536576K, used 179200K [0x0000000080000000, 0x0000000100000000)
  region size 1024K, 4 young (4096K), 4 survivors (4096K)
 Metaspace       used 143849K, committed 146432K, reserved 1179648K
  class space    used 15797K, committed 16832K, reserved 1048576K
}
Event: 6960,210 GC heap before
{Heap before GC invocations=182 (full 0):
 garbage-first heap   total 536576K, used 379904K [0x0000000080000000, 0x0000000100000000)
  region size 1024K, 200 young (204800K), 4 survivors (4096K)
 Metaspace       used 143861K, committed 146432K, reserved 1179648K
  class space    used 15797K, committed 16832K, reserved 1048576K
}
Event: 6960,233 GC heap after
{Heap after GC invocations=183 (full 0):
 garbage-first heap   total 536576K, used 221498K [0x0000000080000000, 0x0000000100000000)
  region size 1024K, 25 young (25600K), 25 survivors (25600K)
 Metaspace       used 143861K, committed 146432K, reserved 1179648K
  class space    used 15797K, committed 16832K, reserved 1048576K
}

